This file contains any messages produced by compilers while
running configure, to aid debugging if configure makes a mistake.

It was created by ssm configure 0.1, which was
generated by GNU Autoconf 2.69.  Invocation command line was

  $ ./configure --prefix=/home/dojyandr

## --------- ##
## Platform. ##
## --------- ##

hostname = DESKTOP-RQC22A9
uname -m = x86_64
uname -r = 5.10.16.3-microsoft-standard-WSL2
uname -s = Linux
uname -v = #1 SMP Fri Apr 2 22:23:49 UTC 2021

/usr/bin/uname -p = x86_64
/bin/uname -X     = unknown

/bin/arch              = x86_64
/usr/bin/arch -k       = unknown
/usr/convex/getsysinfo = unknown
/usr/bin/hostinfo      = unknown
/bin/machine           = unknown
/usr/bin/oslevel       = unknown
/bin/universe          = unknown

PATH: /home/dojyandr/.local/bin
PATH: /home/dojyandr/bin
PATH: /usr/local/sbin
PATH: /usr/local/bin
PATH: /usr/sbin
PATH: /usr/bin
PATH: /sbin
PATH: /bin
PATH: /usr/games
PATH: /usr/local/games
PATH: /usr/lib/wsl/lib
PATH: /mnt/e/DevDepartment/libs/Pylon_6_1_1/Runtime/x64/
PATH: /mnt/e/DevDepartment/libs/Pylon_6_1_1/Runtime/Win32/
PATH: /mnt/c/Windows/system32
PATH: /mnt/c/Windows
PATH: /mnt/c/Windows/System32/Wbem
PATH: /mnt/c/Windows/System32/WindowsPowerShell/v1.0/
PATH: /mnt/c/Windows/System32/OpenSSH/
PATH: /mnt/c/Program Files/dotnet/
PATH: /mnt/c/Program Files/Git/cmd
PATH: /mnt/c/Program Files (x86)/NVIDIA Corporation/PhysX/Common
PATH: /mnt/c/Users/ezhva/AppData/Local/Microsoft/WindowsApps
PATH: /mnt/c/Users/ezhva/.dotnet/tools
PATH: /mnt/c/Users/ezhva/AppData/Local/Programs/MiKTeX/miktex/bin/x64/
PATH: /snap/bin


## ----------- ##
## Core tests. ##
## ----------- ##

configure:2470: checking for a BSD-compatible install
configure:2538: result: /usr/bin/install -c
configure:2549: checking whether build environment is sane
configure:2604: result: yes
configure:2753: checking for a thread-safe mkdir -p
configure:2792: result: /usr/bin/mkdir -p
configure:2799: checking for gawk
configure:2815: found /usr/bin/gawk
configure:2826: result: gawk
configure:2837: checking whether make sets $(MAKE)
configure:2859: result: yes
configure:2888: checking whether make supports nested variables
configure:2905: result: yes
configure:3091: checking for g++
configure:3107: found /usr/bin/g++
configure:3118: result: g++
configure:3145: checking for C++ compiler version
configure:3154: g++ --version >&5
g++ (Ubuntu 9.4.0-1ubuntu1~20.04.1) 9.4.0
Copyright (C) 2019 Free Software Foundation, Inc.
This is free software; see the source for copying conditions.  There is NO
warranty; not even for MERCHANTABILITY or FITNESS FOR A PARTICULAR PURPOSE.

configure:3165: $? = 0
configure:3154: g++ -v >&5
Using built-in specs.
COLLECT_GCC=g++
COLLECT_LTO_WRAPPER=/usr/lib/gcc/x86_64-linux-gnu/9/lto-wrapper
OFFLOAD_TARGET_NAMES=nvptx-none:hsa
OFFLOAD_TARGET_DEFAULT=1
Target: x86_64-linux-gnu
Configured with: ../src/configure -v --with-pkgversion='Ubuntu 9.4.0-1ubuntu1~20.04.1' --with-bugurl=file:///usr/share/doc/gcc-9/README.Bugs --enable-languages=c,ada,c++,go,brig,d,fortran,objc,obj-c++,gm2 --prefix=/usr --with-gcc-major-version-only --program-suffix=-9 --program-prefix=x86_64-linux-gnu- --enable-shared --enable-linker-build-id --libexecdir=/usr/lib --without-included-gettext --enable-threads=posix --libdir=/usr/lib --enable-nls --enable-clocale=gnu --enable-libstdcxx-debug --enable-libstdcxx-time=yes --with-default-libstdcxx-abi=new --enable-gnu-unique-object --disable-vtable-verify --enable-plugin --enable-default-pie --with-system-zlib --with-target-system-zlib=auto --enable-objc-gc=auto --enable-multiarch --disable-werror --with-arch-32=i686 --with-abi=m64 --with-multilib-list=m32,m64,mx32 --enable-multilib --with-tune=generic --enable-offload-targets=nvptx-none=/build/gcc-9-Av3uEd/gcc-9-9.4.0/debian/tmp-nvptx/usr,hsa --without-cuda-driver --enable-checking=release --build=x86_64-linux-gnu --host=x86_64-linux-gnu --target=x86_64-linux-gnu
Thread model: posix
gcc version 9.4.0 (Ubuntu 9.4.0-1ubuntu1~20.04.1) 
configure:3165: $? = 0
configure:3154: g++ -V >&5
g++: error: unrecognized command line option '-V'
g++: fatal error: no input files
compilation terminated.
configure:3165: $? = 1
configure:3154: g++ -qversion >&5
g++: error: unrecognized command line option '-qversion'; did you mean '--version'?
g++: fatal error: no input files
compilation terminated.
configure:3165: $? = 1
configure:3185: checking whether the C++ compiler works
configure:3207: g++    conftest.cpp  >&5
configure:3211: $? = 0
configure:3259: result: yes
configure:3262: checking for C++ compiler default output file name
configure:3264: result: a.out
configure:3270: checking for suffix of executables
configure:3277: g++ -o conftest    conftest.cpp  >&5
configure:3281: $? = 0
configure:3303: result: 
configure:3325: checking whether we are cross compiling
configure:3333: g++ -o conftest    conftest.cpp  >&5
configure:3337: $? = 0
configure:3344: ./conftest
configure:3348: $? = 0
configure:3336: result: no
configure:3341: checking for suffix of object files
configure:3363: g++ -c   conftest.cpp >&5
configure:3367: $? = 0
configure:3388: result: o
configure:3392: checking whether we are using the GNU C++ compiler
configure:3411: g++ -c   conftest.cpp >&5
configure:3411: $? = 0
configure:3420: result: yes
configure:3429: checking whether g++ accepts -g
configure:3449: g++ -c -g  conftest.cpp >&5
configure:3449: $? = 0
configure:3490: result: yes
configure:3516: checking whether make supports the include directive
configure:3531: make -f confmf.GNU && cat confinc.out
this is the am__doit target
configure:3534: $? = 0
configure:3553: result: yes (GNU style)
configure:3578: checking dependency style of g++
configure:3689: result: gcc3
configure:3709: checking whether NLS is requested
configure:3718: result: yes
configure:3736: checking for intltool >= 0.35.0
configure:3738: result: 0.51.0 found
configure:3746: checking for intltool-update
configure:3764: found /usr/bin/intltool-update
configure:3776: result: /usr/bin/intltool-update
configure:3786: checking for intltool-merge
configure:3804: found /usr/bin/intltool-merge
configure:3816: result: /usr/bin/intltool-merge
configure:3826: checking for intltool-extract
configure:3844: found /usr/bin/intltool-extract
configure:3856: result: /usr/bin/intltool-extract
configure:4010: checking for xgettext
configure:4028: found /usr/bin/xgettext
configure:4040: result: /usr/bin/xgettext
configure:4050: checking for msgmerge
configure:4068: found /usr/bin/msgmerge
configure:4080: result: /usr/bin/msgmerge
configure:4090: checking for msgfmt
configure:4108: found /usr/bin/msgfmt
configure:4120: result: /usr/bin/msgfmt
configure:4130: checking for gmsgfmt
configure:4161: result: /usr/bin/msgfmt
configure:4181: checking for perl
configure:4199: found /usr/bin/perl
configure:4211: result: /usr/bin/perl
configure:4222: checking for perl >= 5.8.1
configure:4229: result: 5.30.0
configure:4233: checking for XML::Parser
configure:4236: result: ok
configure:4305: checking for gcc
configure:4321: found /usr/bin/gcc
configure:4332: result: gcc
configure:4561: checking for C compiler version
configure:4570: gcc --version >&5
gcc (Ubuntu 9.4.0-1ubuntu1~20.04.1) 9.4.0
Copyright (C) 2019 Free Software Foundation, Inc.
This is free software; see the source for copying conditions.  There is NO
warranty; not even for MERCHANTABILITY or FITNESS FOR A PARTICULAR PURPOSE.

configure:4581: $? = 0
configure:4570: gcc -v >&5
Using built-in specs.
COLLECT_GCC=gcc
COLLECT_LTO_WRAPPER=/usr/lib/gcc/x86_64-linux-gnu/9/lto-wrapper
OFFLOAD_TARGET_NAMES=nvptx-none:hsa
OFFLOAD_TARGET_DEFAULT=1
Target: x86_64-linux-gnu
Configured with: ../src/configure -v --with-pkgversion='Ubuntu 9.4.0-1ubuntu1~20.04.1' --with-bugurl=file:///usr/share/doc/gcc-9/README.Bugs --enable-languages=c,ada,c++,go,brig,d,fortran,objc,obj-c++,gm2 --prefix=/usr --with-gcc-major-version-only --program-suffix=-9 --program-prefix=x86_64-linux-gnu- --enable-shared --enable-linker-build-id --libexecdir=/usr/lib --without-included-gettext --enable-threads=posix --libdir=/usr/lib --enable-nls --enable-clocale=gnu --enable-libstdcxx-debug --enable-libstdcxx-time=yes --with-default-libstdcxx-abi=new --enable-gnu-unique-object --disable-vtable-verify --enable-plugin --enable-default-pie --with-system-zlib --with-target-system-zlib=auto --enable-objc-gc=auto --enable-multiarch --disable-werror --with-arch-32=i686 --with-abi=m64 --with-multilib-list=m32,m64,mx32 --enable-multilib --with-tune=generic --enable-offload-targets=nvptx-none=/build/gcc-9-Av3uEd/gcc-9-9.4.0/debian/tmp-nvptx/usr,hsa --without-cuda-driver --enable-checking=release --build=x86_64-linux-gnu --host=x86_64-linux-gnu --target=x86_64-linux-gnu
Thread model: posix
gcc version 9.4.0 (Ubuntu 9.4.0-1ubuntu1~20.04.1) 
configure:4581: $? = 0
configure:4570: gcc -V >&5
gcc: error: unrecognized command line option '-V'
gcc: fatal error: no input files
compilation terminated.
configure:4581: $? = 1
configure:4570: gcc -qversion >&5
gcc: error: unrecognized command line option '-qversion'; did you mean '--version'?
gcc: fatal error: no input files
compilation terminated.
configure:4581: $? = 1
configure:4585: checking whether we are using the GNU C compiler
configure:4604: gcc -c   conftest.c >&5
configure:4604: $? = 0
configure:4613: result: yes
configure:4622: checking whether gcc accepts -g
configure:4642: gcc -c -g  conftest.c >&5
configure:4642: $? = 0
configure:4683: result: yes
configure:4700: checking for gcc option to accept ISO C89
configure:4763: gcc  -c -g -O2  conftest.c >&5
configure:4763: $? = 0
configure:4776: result: none needed
configure:4801: checking whether gcc understands -c and -o together
configure:4823: gcc -c conftest.c -o conftest2.o
configure:4826: $? = 0
configure:4823: gcc -c conftest.c -o conftest2.o
configure:4826: $? = 0
configure:4838: result: yes
configure:4857: checking dependency style of gcc
configure:4968: result: gcc3
configure:4989: checking how to run the C preprocessor
configure:5020: gcc -E  conftest.c
configure:5020: $? = 0
configure:5034: gcc -E  conftest.c
conftest.c:12:10: fatal error: ac_nonexistent.h: No such file or directory
   12 | #include <ac_nonexistent.h>
      |          ^~~~~~~~~~~~~~~~~~
compilation terminated.
configure:5034: $? = 1
configure: failed program was:
| /* confdefs.h */
| #define PACKAGE_NAME "ssm"
| #define PACKAGE_TARNAME "ssm"
| #define PACKAGE_VERSION "0.1"
| #define PACKAGE_STRING "ssm 0.1"
| #define PACKAGE_BUGREPORT ""
| #define PACKAGE_URL ""
| #define PACKAGE "ssm"
| #define VERSION "0.1"
| #define GETTEXT_PACKAGE "ssm"
| /* end confdefs.h.  */
| #include <ac_nonexistent.h>
configure:5059: result: gcc -E
configure:5079: gcc -E  conftest.c
configure:5079: $? = 0
configure:5093: gcc -E  conftest.c
conftest.c:12:10: fatal error: ac_nonexistent.h: No such file or directory
   12 | #include <ac_nonexistent.h>
      |          ^~~~~~~~~~~~~~~~~~
compilation terminated.
configure:5093: $? = 1
configure: failed program was:
| /* confdefs.h */
| #define PACKAGE_NAME "ssm"
| #define PACKAGE_TARNAME "ssm"
| #define PACKAGE_VERSION "0.1"
| #define PACKAGE_STRING "ssm 0.1"
| #define PACKAGE_BUGREPORT ""
| #define PACKAGE_URL ""
| #define PACKAGE "ssm"
| #define VERSION "0.1"
| #define GETTEXT_PACKAGE "ssm"
| /* end confdefs.h.  */
| #include <ac_nonexistent.h>
configure:5122: checking for grep that handles long lines and -e
configure:5180: result: /usr/bin/grep
configure:5185: checking for egrep
configure:5247: result: /usr/bin/grep -E
configure:5252: checking for ANSI C header files
configure:5272: gcc -c -g -O2  conftest.c >&5
configure:5272: $? = 0
configure:5345: gcc -o conftest -g -O2   conftest.c  >&5
configure:5345: $? = 0
configure:5345: ./conftest
configure:5345: $? = 0
configure:5356: result: yes
configure:5369: checking for sys/types.h
configure:5369: gcc -c -g -O2  conftest.c >&5
configure:5369: $? = 0
configure:5369: result: yes
configure:5369: checking for sys/stat.h
configure:5369: gcc -c -g -O2  conftest.c >&5
configure:5369: $? = 0
configure:5369: result: yes
configure:5369: checking for stdlib.h
configure:5369: gcc -c -g -O2  conftest.c >&5
configure:5369: $? = 0
configure:5369: result: yes
configure:5369: checking for string.h
configure:5369: gcc -c -g -O2  conftest.c >&5
configure:5369: $? = 0
configure:5369: result: yes
configure:5369: checking for memory.h
configure:5369: gcc -c -g -O2  conftest.c >&5
configure:5369: $? = 0
configure:5369: result: yes
configure:5369: checking for strings.h
configure:5369: gcc -c -g -O2  conftest.c >&5
configure:5369: $? = 0
configure:5369: result: yes
configure:5369: checking for inttypes.h
configure:5369: gcc -c -g -O2  conftest.c >&5
configure:5369: $? = 0
configure:5369: result: yes
configure:5369: checking for stdint.h
configure:5369: gcc -c -g -O2  conftest.c >&5
configure:5369: $? = 0
configure:5369: result: yes
configure:5369: checking for unistd.h
configure:5369: gcc -c -g -O2  conftest.c >&5
configure:5369: $? = 0
configure:5369: result: yes
configure:5384: checking locale.h usability
configure:5384: gcc -c -g -O2  conftest.c >&5
configure:5384: $? = 0
configure:5384: result: yes
configure:5384: checking locale.h presence
configure:5384: gcc -E  conftest.c
configure:5384: $? = 0
configure:5384: result: yes
configure:5384: checking for locale.h
configure:5384: result: yes
configure:5395: checking for LC_MESSAGES
configure:5411: gcc -o conftest -g -O2   conftest.c  >&5
configure:5411: $? = 0
configure:5419: result: yes
configure:5437: checking for CFPreferencesCopyAppValue
configure:5455: gcc -o conftest -g -O2   conftest.c  -Wl,-framework -Wl,CoreFoundation >&5
conftest.c:24:10: fatal error: CoreFoundation/CFPreferences.h: No such file or directory
   24 | #include <CoreFoundation/CFPreferences.h>
      |          ^~~~~~~~~~~~~~~~~~~~~~~~~~~~~~~~
compilation terminated.
configure:5455: $? = 1
configure: failed program was:
| /* confdefs.h */
| #define PACKAGE_NAME "ssm"
| #define PACKAGE_TARNAME "ssm"
| #define PACKAGE_VERSION "0.1"
| #define PACKAGE_STRING "ssm 0.1"
| #define PACKAGE_BUGREPORT ""
| #define PACKAGE_URL ""
| #define PACKAGE "ssm"
| #define VERSION "0.1"
| #define GETTEXT_PACKAGE "ssm"
| #define STDC_HEADERS 1
| #define HAVE_SYS_TYPES_H 1
| #define HAVE_SYS_STAT_H 1
| #define HAVE_STDLIB_H 1
| #define HAVE_STRING_H 1
| #define HAVE_MEMORY_H 1
| #define HAVE_STRINGS_H 1
| #define HAVE_INTTYPES_H 1
| #define HAVE_STDINT_H 1
| #define HAVE_UNISTD_H 1
| #define HAVE_LOCALE_H 1
| #define HAVE_LC_MESSAGES 1
| /* end confdefs.h.  */
| #include <CoreFoundation/CFPreferences.h>
| int
| main ()
| {
| CFPreferencesCopyAppValue(NULL, NULL)
|   ;
|   return 0;
| }
configure:5464: result: no
configure:5471: checking for CFLocaleCopyCurrent
configure:5489: gcc -o conftest -g -O2   conftest.c  -Wl,-framework -Wl,CoreFoundation >&5
conftest.c:24:10: fatal error: CoreFoundation/CFLocale.h: No such file or directory
   24 | #include <CoreFoundation/CFLocale.h>
      |          ^~~~~~~~~~~~~~~~~~~~~~~~~~~
compilation terminated.
configure:5489: $? = 1
configure: failed program was:
| /* confdefs.h */
| #define PACKAGE_NAME "ssm"
| #define PACKAGE_TARNAME "ssm"
| #define PACKAGE_VERSION "0.1"
| #define PACKAGE_STRING "ssm 0.1"
| #define PACKAGE_BUGREPORT ""
| #define PACKAGE_URL ""
| #define PACKAGE "ssm"
| #define VERSION "0.1"
| #define GETTEXT_PACKAGE "ssm"
| #define STDC_HEADERS 1
| #define HAVE_SYS_TYPES_H 1
| #define HAVE_SYS_STAT_H 1
| #define HAVE_STDLIB_H 1
| #define HAVE_STRING_H 1
| #define HAVE_MEMORY_H 1
| #define HAVE_STRINGS_H 1
| #define HAVE_INTTYPES_H 1
| #define HAVE_STDINT_H 1
| #define HAVE_UNISTD_H 1
| #define HAVE_LOCALE_H 1
| #define HAVE_LC_MESSAGES 1
| /* end confdefs.h.  */
| #include <CoreFoundation/CFLocale.h>
| int
| main ()
| {
| CFLocaleCopyCurrent();
|   ;
|   return 0;
| }
configure:5498: result: no
configure:5512: checking libintl.h usability
configure:5512: gcc -c -g -O2  conftest.c >&5
configure:5512: $? = 0
configure:5512: result: yes
configure:5512: checking libintl.h presence
configure:5512: gcc -E  conftest.c
configure:5512: $? = 0
configure:5512: result: yes
configure:5512: checking for libintl.h
configure:5512: result: yes
configure:5520: checking for ngettext in libc
configure:5538: gcc -o conftest -g -O2   conftest.c  >&5
configure:5538: $? = 0
configure:5547: result: yes
configure:5551: checking for dgettext in libc
configure:5569: gcc -o conftest -g -O2   conftest.c  >&5
configure:5569: $? = 0
configure:5578: result: yes
configure:5585: checking for bind_textdomain_codeset
configure:5585: gcc -o conftest -g -O2   conftest.c  >&5
configure:5585: $? = 0
configure:5585: result: yes
configure:5861: checking for msgfmt
configure:5888: result: /usr/bin/msgfmt
configure:5899: checking for dcgettext
configure:5899: gcc -o conftest -g -O2   conftest.c   >&5
conftest.c:49:6: warning: conflicting types for built-in function 'dcgettext'; expected 'char *(const char *, const char *, int)' [-Wbuiltin-declaration-mismatch]
   49 | char dcgettext ();
      |      ^~~~~~~~~
configure:5899: $? = 0
configure:5899: result: yes
configure:5909: checking if msgfmt accepts -c
configure:5924: $MSGFMT -c -o /dev/null conftest.foo
conftest.foo:3: warning: header field 'Language' missing in header
configure:5927: $? = 0
configure:5929: result: yes
configure:5939: checking for gmsgfmt
configure:5970: result: /usr/bin/msgfmt
configure:5980: checking for xgettext
configure:6007: result: /usr/bin/xgettext
configure:6026: gcc -o conftest -g -O2   conftest.c   >&5
configure:6026: $? = 0
configure:6172: checking build system type
configure:6186: result: x86_64-pc-linux-gnu
configure:6206: checking host system type
configure:6219: result: x86_64-pc-linux-gnu
configure:6318: checking how to print strings
configure:6345: result: printf
configure:6366: checking for a sed that does not truncate output
configure:6430: result: /usr/bin/sed
configure:6448: checking for fgrep
configure:6510: result: /usr/bin/grep -F
configure:6545: checking for ld used by gcc
configure:6612: result: /usr/bin/ld
configure:6619: checking if the linker (/usr/bin/ld) is GNU ld
configure:6634: result: yes
configure:6646: checking for BSD- or MS-compatible name lister (nm)
configure:6700: result: /usr/bin/nm -B
configure:6830: checking the name lister (/usr/bin/nm -B) interface
configure:6837: gcc -c -g -O2  conftest.c >&5
configure:6840: /usr/bin/nm -B "conftest.o"
configure:6843: output
0000000000000000 B some_variable
configure:6844: result: BSD nm
configure:6847: checking whether ln -s works
configure:6851: result: yes
configure:6859: checking the maximum length of command line arguments
configure:6990: result: 1572864
configure:7038: checking how to convert x86_64-pc-linux-gnu file names to x86_64-pc-linux-gnu format
configure:7078: result: func_convert_file_noop
configure:7085: checking how to convert x86_64-pc-linux-gnu file names to toolchain format
configure:7105: result: func_convert_file_noop
configure:7112: checking for /usr/bin/ld option to reload object files
configure:7119: result: -r
configure:7193: checking for objdump
configure:7209: found /usr/bin/objdump
configure:7220: result: objdump
configure:7249: checking how to recognize dependent libraries
configure:7449: result: pass_all
configure:7534: checking for dlltool
configure:7564: result: no
configure:7591: checking how to associate runtime and link libraries
configure:7618: result: printf %s\n
configure:7678: checking for ar
configure:7694: found /usr/bin/ar
configure:7705: result: ar
configure:7742: checking for archiver @FILE support
configure:7759: gcc -c -g -O2  conftest.c >&5
configure:7759: $? = 0
configure:7762: ar cr libconftest.a @conftest.lst >&5
configure:7765: $? = 0
configure:7770: ar cr libconftest.a @conftest.lst >&5
ar: conftest.o: No such file or directory
configure:7773: $? = 1
configure:7772: result: @
configure:7830: checking for strip
configure:7846: found /usr/bin/strip
configure:7857: result: strip
configure:7929: checking for ranlib
configure:7945: found /usr/bin/ranlib
configure:7956: result: ranlib
configure:8058: checking command to parse /usr/bin/nm -B output from gcc object
configure:8211: gcc -c -g -O2  conftest.c >&5
configure:8214: $? = 0
configure:8218: /usr/bin/nm -B conftest.o | sed -n -e 's/^.*[	 ]\([ABCDGIRSTW][ABCDGIRSTW]*\)[	 ][	 ]*\([_A-Za-z][_A-Za-z0-9]*\)$/\1 \2 \2/p' | sed '/ __gnu_lto/d' > conftest.nm
configure:8284: gcc -o conftest -g -O2   conftest.c conftstm.o >&5
configure:8287: $? = 0
configure:8325: result: ok
configure:8372: checking for sysroot
configure:8402: result: no
configure:8409: checking for a working dd
configure:8447: result: /usr/bin/dd
configure:8451: checking how to truncate binary pipes
configure:8466: result: /usr/bin/dd bs=4096 count=1
configure:8602: gcc -c -g -O2  conftest.c >&5
configure:8605: $? = 0
configure:8795: checking for mt
configure:8811: found /usr/bin/mt
configure:8822: result: mt
configure:8845: checking if mt is a manifest tool
configure:8851: mt '-?'
configure:8859: result: no
configure:9533: checking for dlfcn.h
configure:9533: gcc -c -g -O2  conftest.c >&5
configure:9533: $? = 0
configure:9533: result: yes
configure:10098: checking for objdir
configure:10113: result: .libs
configure:10373: checking if gcc supports -fno-rtti -fno-exceptions
configure:10391: gcc -c -g -O2  -fno-rtti -fno-exceptions conftest.c >&5
cc1: warning: command line option '-fno-rtti' is valid for C++/D/ObjC++ but not for C
configure:10395: $? = 0
configure:10408: result: no
configure:10772: checking for gcc option to produce PIC
configure:10779: result: -fPIC -DPIC
configure:10787: checking if gcc PIC flag -fPIC -DPIC works
configure:10805: gcc -c -g -O2  -fPIC -DPIC -DPIC conftest.c >&5
configure:10809: $? = 0
configure:10822: result: yes
configure:10851: checking if gcc static flag -static works
configure:10879: result: yes
configure:10894: checking if gcc supports -c -o file.o
configure:10915: gcc -c -g -O2  -o out/conftest2.o conftest.c >&5
configure:10919: $? = 0
configure:10941: result: yes
configure:10949: checking if gcc supports -c -o file.o
configure:10996: result: yes
configure:11029: checking whether the gcc linker (/usr/bin/ld -m elf_x86_64) supports shared libraries
configure:12292: result: yes
configure:12329: checking whether -lc should be explicitly linked in
configure:12337: gcc -c -g -O2  conftest.c >&5
configure:12340: $? = 0
configure:12355: gcc -shared  -fPIC -DPIC conftest.o  -v -Wl,-soname -Wl,conftest -o conftest 2\>\&1 \| /usr/bin/grep  -lc  \>/dev/null 2\>\&1
configure:12358: $? = 0
configure:12372: result: no
configure:12532: checking dynamic linker characteristics
configure:13113: gcc -o conftest -g -O2   -Wl,-rpath -Wl,/foo conftest.c  >&5
configure:13113: $? = 0
configure:13362: result: GNU/Linux ld.so
configure:13484: checking how to hardcode library paths into programs
configure:13509: result: immediate
configure:14057: checking whether stripping libraries is possible
configure:14062: result: yes
configure:14097: checking if libtool supports shared libraries
configure:14099: result: yes
configure:14102: checking whether to build shared libraries
configure:14127: result: yes
configure:14130: checking whether to build static libraries
configure:14134: result: yes
configure:10933: checking how to run the C++ preprocessor
configure:10960: g++ -E  conftest.cpp
configure:10960: $? = 0
configure:10974: g++ -E  conftest.cpp
conftest.cpp:30:10: fatal error: ac_nonexistent.h: No such file or directory
   30 | #include <ac_nonexistent.h>
      |          ^~~~~~~~~~~~~~~~~~
compilation terminated.
configure:10974: $? = 1
configure: failed program was:
| /* confdefs.h */
| #define PACKAGE_NAME "ssm"
| #define PACKAGE_TARNAME "ssm"
| #define PACKAGE_VERSION "0.1"
| #define PACKAGE_STRING "ssm 0.1"
| #define PACKAGE_BUGREPORT ""
| #define PACKAGE_URL ""
| #define PACKAGE "ssm"
| #define VERSION "0.1"
| #define GETTEXT_PACKAGE "ssm"
| #define STDC_HEADERS 1
| #define HAVE_SYS_TYPES_H 1
| #define HAVE_SYS_STAT_H 1
| #define HAVE_STDLIB_H 1
| #define HAVE_STRING_H 1
| #define HAVE_MEMORY_H 1
| #define HAVE_STRINGS_H 1
| #define HAVE_INTTYPES_H 1
| #define HAVE_STDINT_H 1
| #define HAVE_UNISTD_H 1
| #define HAVE_LOCALE_H 1
| #define HAVE_LC_MESSAGES 1
| #define HAVE_BIND_TEXTDOMAIN_CODESET 1
| #define HAVE_GETTEXT 1
| #define HAVE_DCGETTEXT 1
| #define ENABLE_NLS 1
| #define HAVE_DLFCN_H 1
| #define LT_OBJDIR ".libs/"
| /* end confdefs.h.  */
| #include <ac_nonexistent.h>
configure:10999: result: g++ -E
configure:11019: g++ -E  conftest.cpp
configure:11019: $? = 0
configure:11033: g++ -E  conftest.cpp
conftest.cpp:30:10: fatal error: ac_nonexistent.h: No such file or directory
   30 | #include <ac_nonexistent.h>
      |          ^~~~~~~~~~~~~~~~~~
compilation terminated.
configure:11033: $? = 1
configure: failed program was:
| /* confdefs.h */
| #define PACKAGE_NAME "ssm"
| #define PACKAGE_TARNAME "ssm"
| #define PACKAGE_VERSION "0.1"
| #define PACKAGE_STRING "ssm 0.1"
| #define PACKAGE_BUGREPORT ""
| #define PACKAGE_URL ""
| #define PACKAGE "ssm"
| #define VERSION "0.1"
| #define GETTEXT_PACKAGE "ssm"
| #define STDC_HEADERS 1
| #define HAVE_SYS_TYPES_H 1
| #define HAVE_SYS_STAT_H 1
| #define HAVE_STDLIB_H 1
| #define HAVE_STRING_H 1
| #define HAVE_MEMORY_H 1
| #define HAVE_STRINGS_H 1
| #define HAVE_INTTYPES_H 1
| #define HAVE_STDINT_H 1
| #define HAVE_UNISTD_H 1
| #define HAVE_LOCALE_H 1
| #define HAVE_LC_MESSAGES 1
| #define HAVE_BIND_TEXTDOMAIN_CODESET 1
| #define HAVE_GETTEXT 1
| #define HAVE_DCGETTEXT 1
| #define ENABLE_NLS 1
| #define HAVE_DLFCN_H 1
| #define LT_OBJDIR ".libs/"
| /* end confdefs.h.  */
| #include <ac_nonexistent.h>
configure:11195: checking for ld used by g++
configure:11262: result: /usr/bin/ld -m elf_x86_64
configure:11269: checking if the linker (/usr/bin/ld -m elf_x86_64) is GNU ld
configure:11284: result: yes
configure:11339: checking whether the g++ linker (/usr/bin/ld -m elf_x86_64) supports shared libraries
configure:12412: result: yes
configure:12448: g++ -c -g -O2  conftest.cpp >&5
configure:12451: $? = 0
configure:12932: checking for g++ option to produce PIC
configure:12939: result: -fPIC -DPIC
configure:12947: checking if g++ PIC flag -fPIC -DPIC works
configure:12965: g++ -c -g -O2  -fPIC -DPIC -DPIC conftest.cpp >&5
configure:12969: $? = 0
configure:12982: result: yes
configure:13005: checking if g++ static flag -static works
configure:13033: result: yes
configure:13045: checking if g++ supports -c -o file.o
configure:13066: g++ -c -g -O2  -o out/conftest2.o conftest.cpp >&5
configure:13070: $? = 0
configure:13092: result: yes
configure:13097: checking if g++ supports -c -o file.o
configure:13144: result: yes
configure:13174: checking whether the g++ linker (/usr/bin/ld -m elf_x86_64) supports shared libraries
configure:13217: result: yes
configure:13358: checking dynamic linker characteristics
configure:14115: result: GNU/Linux ld.so
configure:14180: checking how to hardcode library paths into programs
configure:14205: result: immediate
configure:13153: checking for pkg-config
configure:13171: found /usr/bin/pkg-config
configure:13183: result: /usr/bin/pkg-config
configure:13208: checking pkg-config is at least version 0.9.0
configure:13211: result: yes
configure:13221: checking for SSM
configure:13228: $PKG_CONFIG --exists --print-errors "Qt5Core "
configure:13231: $? = 0
configure:13245: $PKG_CONFIG --exists --print-errors "Qt5Core "
configure:13248: $? = 0
configure:13306: result: yes
configure:13417: checking that generated files are newer than configure
configure:13423: result: done
configure:13462: creating ./config.status

## ---------------------- ##
## Running config.status. ##
## ---------------------- ##

This file was extended by ssm config.status 0.1, which was
generated by GNU Autoconf 2.69.  Invocation command line was

  CONFIG_FILES    = 
  CONFIG_HEADERS  = 
  CONFIG_LINKS    = 
  CONFIG_COMMANDS = 
  $ ./config.status 

on DESKTOP-RQC22A9

config.status:1235: creating Makefile
config.status:1235: creating po/Makefile.in
config.status:1235: creating nsis/mingwbuild
config.status:1235: creating nsis/SSM.nsis
config.status:1235: creating config.h
config.status:1416: config.h is unchanged
config.status:1464: executing depfiles commands
config.status:1541: cd .       && sed -e '/# am--include-marker/d' Makefile         | make -f - am--depfiles
make: Nothing to be done for 'am--depfiles'.
config.status:1546: $? = 0
config.status:1464: executing default-1 commands
config.status:1464: executing libtool commands
config.status:1464: executing po/stamp-it commands

## ---------------- ##
## Cache variables. ##
## ---------------- ##

ac_cv_build=x86_64-pc-linux-gnu
ac_cv_c_compiler_gnu=yes
ac_cv_cxx_compiler_gnu=yes
ac_cv_env_CCC_set=
ac_cv_env_CCC_value=
ac_cv_env_CC_set=
ac_cv_env_CC_value=
ac_cv_env_CFLAGS_set=
ac_cv_env_CFLAGS_value=
ac_cv_env_CPPFLAGS_set=
ac_cv_env_CPPFLAGS_value=
ac_cv_env_CPP_set=
ac_cv_env_CPP_value=
ac_cv_env_CXXCPP_set=
ac_cv_env_CXXCPP_value=
ac_cv_env_CXXFLAGS_set=
ac_cv_env_CXXFLAGS_value=
ac_cv_env_CXX_set=
ac_cv_env_CXX_value=
ac_cv_env_LDFLAGS_set=
ac_cv_env_LDFLAGS_value=
ac_cv_env_LIBS_set=
ac_cv_env_LIBS_value=
ac_cv_env_LT_SYS_LIBRARY_PATH_set=
ac_cv_env_LT_SYS_LIBRARY_PATH_value=
ac_cv_env_PKG_CONFIG_LIBDIR_set=
ac_cv_env_PKG_CONFIG_LIBDIR_value=
ac_cv_env_PKG_CONFIG_PATH_set=
ac_cv_env_PKG_CONFIG_PATH_value=
ac_cv_env_PKG_CONFIG_set=
ac_cv_env_PKG_CONFIG_value=
ac_cv_env_SSM_CFLAGS_set=
ac_cv_env_SSM_CFLAGS_value=
ac_cv_env_SSM_LIBS_set=
ac_cv_env_SSM_LIBS_value=
ac_cv_env_build_alias_set=
ac_cv_env_build_alias_value=
ac_cv_env_host_alias_set=
ac_cv_env_host_alias_value=
ac_cv_env_target_alias_set=
ac_cv_env_target_alias_value=
ac_cv_func_bind_textdomain_codeset=yes
ac_cv_func_dcgettext=yes
ac_cv_header_dlfcn_h=yes
ac_cv_header_inttypes_h=yes
ac_cv_header_libintl_h=yes
ac_cv_header_locale_h=yes
ac_cv_header_memory_h=yes
ac_cv_header_stdc=yes
ac_cv_header_stdint_h=yes
ac_cv_header_stdlib_h=yes
ac_cv_header_string_h=yes
ac_cv_header_strings_h=yes
ac_cv_header_sys_stat_h=yes
ac_cv_header_sys_types_h=yes
ac_cv_header_unistd_h=yes
ac_cv_host=x86_64-pc-linux-gnu
ac_cv_objext=o
ac_cv_path_EGREP='/usr/bin/grep -E'
ac_cv_path_FGREP='/usr/bin/grep -F'
ac_cv_path_GMSGFMT=/usr/bin/msgfmt
ac_cv_path_GREP=/usr/bin/grep
ac_cv_path_INTLTOOL_EXTRACT=/usr/bin/intltool-extract
ac_cv_path_INTLTOOL_MERGE=/usr/bin/intltool-merge
ac_cv_path_INTLTOOL_PERL=/usr/bin/perl
ac_cv_path_INTLTOOL_UPDATE=/usr/bin/intltool-update
ac_cv_path_MSGFMT=/usr/bin/msgfmt
ac_cv_path_MSGMERGE=/usr/bin/msgmerge
ac_cv_path_SED=/usr/bin/sed
ac_cv_path_XGETTEXT=/usr/bin/xgettext
ac_cv_path_ac_pt_PKG_CONFIG=/usr/bin/pkg-config
ac_cv_path_install='/usr/bin/install -c'
ac_cv_path_lt_DD=/usr/bin/dd
ac_cv_path_mkdir=/usr/bin/mkdir
ac_cv_prog_AWK=gawk
ac_cv_prog_CPP='gcc -E'
ac_cv_prog_CXXCPP='g++ -E'
ac_cv_prog_ac_ct_AR=ar
ac_cv_prog_ac_ct_CC=gcc
ac_cv_prog_ac_ct_CXX=g++
ac_cv_prog_ac_ct_MANIFEST_TOOL=mt
ac_cv_prog_ac_ct_OBJDUMP=objdump
ac_cv_prog_ac_ct_RANLIB=ranlib
ac_cv_prog_ac_ct_STRIP=strip
ac_cv_prog_cc_c89=
ac_cv_prog_cc_g=yes
ac_cv_prog_cxx_g=yes
ac_cv_prog_make_make_set=yes
am_cv_CC_dependencies_compiler_type=gcc3
am_cv_CXX_dependencies_compiler_type=gcc3
am_cv_make_support_nested_variables=yes
am_cv_prog_cc_c_o=yes
am_cv_val_LC_MESSAGES=yes
gt_cv_func_CFLocaleCopyCurrent=no
gt_cv_func_CFPreferencesCopyAppValue=no
gt_cv_func_dgettext_libc=yes
gt_cv_func_dgettext_libintl=no
gt_cv_func_ngettext_libc=yes
gt_cv_have_gettext=yes
lt_cv_ar_at_file=@
lt_cv_archive_cmds_need_lc=no
lt_cv_deplibs_check_method=pass_all
lt_cv_file_magic_cmd='$MAGIC_CMD'
lt_cv_file_magic_test_file=
lt_cv_ld_reload_flag=-r
lt_cv_nm_interface='BSD nm'
lt_cv_objdir=.libs
lt_cv_path_LD=/usr/bin/ld
lt_cv_path_LDCXX='/usr/bin/ld -m elf_x86_64'
lt_cv_path_NM='/usr/bin/nm -B'
lt_cv_path_mainfest_tool=no
lt_cv_prog_compiler_c_o=yes
lt_cv_prog_compiler_c_o_CXX=yes
lt_cv_prog_compiler_pic='-fPIC -DPIC'
lt_cv_prog_compiler_pic_CXX='-fPIC -DPIC'
lt_cv_prog_compiler_pic_works=yes
lt_cv_prog_compiler_pic_works_CXX=yes
lt_cv_prog_compiler_rtti_exceptions=no
lt_cv_prog_compiler_static_works=yes
lt_cv_prog_compiler_static_works_CXX=yes
lt_cv_prog_gnu_ld=yes
lt_cv_prog_gnu_ldcxx=yes
lt_cv_sharedlib_from_linklib_cmd='printf %s\n'
lt_cv_shlibpath_overrides_runpath=yes
lt_cv_sys_global_symbol_pipe='sed -n -e '\''s/^.*[	 ]\([ABCDGIRSTW][ABCDGIRSTW]*\)[	 ][	 ]*\([_A-Za-z][_A-Za-z0-9]*\)$/\1 \2 \2/p'\'' | sed '\''/ __gnu_lto/d'\'''
lt_cv_sys_global_symbol_to_c_name_address='sed -n -e '\''s/^: \(.*\) .*$/  {"\1", (void *) 0},/p'\'' -e '\''s/^[ABCDGIRSTW][ABCDGIRSTW]* .* \(.*\)$/  {"\1", (void *) \&\1},/p'\'''
lt_cv_sys_global_symbol_to_c_name_address_lib_prefix='sed -n -e '\''s/^: \(.*\) .*$/  {"\1", (void *) 0},/p'\'' -e '\''s/^[ABCDGIRSTW][ABCDGIRSTW]* .* \(lib.*\)$/  {"\1", (void *) \&\1},/p'\'' -e '\''s/^[ABCDGIRSTW][ABCDGIRSTW]* .* \(.*\)$/  {"lib\1", (void *) \&\1},/p'\'''
lt_cv_sys_global_symbol_to_cdecl='sed -n -e '\''s/^T .* \(.*\)$/extern int \1();/p'\'' -e '\''s/^[ABCDGIRSTW][ABCDGIRSTW]* .* \(.*\)$/extern char \1;/p'\'''
lt_cv_sys_global_symbol_to_import=
lt_cv_sys_max_cmd_len=1572864
lt_cv_to_host_file_cmd=func_convert_file_noop
lt_cv_to_tool_file_cmd=func_convert_file_noop
lt_cv_truncate_bin='/usr/bin/dd bs=4096 count=1'
pkg_cv_SSM_CFLAGS='-DQT_CORE_LIB -I/usr/include/x86_64-linux-gnu/qt5/QtCore -I/usr/include/x86_64-linux-gnu/qt5'
pkg_cv_SSM_LIBS=-lQt5Core

## ----------------- ##
## Output variables. ##
## ----------------- ##

ACLOCAL='${SHELL} /mnt/c/Users/ezhva/Desktop/SSM/SSM_Chikpea/SSM/missing aclocal-1.16'
ALL_LINGUAS=''
AMDEPBACKSLASH='\'
AMDEP_FALSE='#'
AMDEP_TRUE=''
AMTAR='$${TAR-tar}'
AM_BACKSLASH='\'
AM_DEFAULT_V='$(AM_DEFAULT_VERBOSITY)'
AM_DEFAULT_VERBOSITY='1'
AM_V='$(V)'
AR='ar'
AS='as'
AUTOCONF='${SHELL} /mnt/c/Users/ezhva/Desktop/SSM/SSM_Chikpea/SSM/missing autoconf'
AUTOHEADER='${SHELL} /mnt/c/Users/ezhva/Desktop/SSM/SSM_Chikpea/SSM/missing autoheader'
AUTOMAKE='${SHELL} /mnt/c/Users/ezhva/Desktop/SSM/SSM_Chikpea/SSM/missing automake-1.16'
AWK='gawk'
CATALOGS=''
CATOBJEXT='.gmo'
CC='gcc'
CCDEPMODE='depmode=gcc3'
CFLAGS='-g -O2'
CPP='gcc -E'
CPPFLAGS=''
CXX='g++'
CXXCPP='g++ -E'
CXXDEPMODE='depmode=gcc3'
CXXFLAGS='-g -O2'
CYGPATH_W='echo'
DATADIRNAME='share'
DEFS='-DHAVE_CONFIG_H'
DEPDIR='.deps'
DLLTOOL='false'
DSYMUTIL=''
DUMPBIN=''
ECHO_C=''
ECHO_N='-n'
ECHO_T=''
EGREP='/usr/bin/grep -E'
EXEEXT=''
FGREP='/usr/bin/grep -F'
GETTEXT_PACKAGE='ssm'
GMOFILES=''
GMSGFMT='/usr/bin/msgfmt'
GREP='/usr/bin/grep'
INSTALL_DATA='${INSTALL} -m 644'
INSTALL_PROGRAM='${INSTALL}'
INSTALL_SCRIPT='${INSTALL}'
INSTALL_STRIP_PROGRAM='$(install_sh) -c -s'
INSTOBJEXT='.mo'
INTLLIBS=''
INTLTOOL_CAVES_RULE='%.caves:     %.caves.in     $(INTLTOOL_MERGE) $(wildcard $(top_srcdir)/po/*.po) ; $(INTLTOOL_V_MERGE)LC_ALL=C $(INTLTOOL_MERGE) $(INTLTOOL_V_MERGE_OPTIONS) -d -u -c $(top_builddir)/po/.intltool-merge-cache $(top_srcdir)/po $< $@'
INTLTOOL_DESKTOP_RULE='%.desktop:   %.desktop.in   $(INTLTOOL_MERGE) $(wildcard $(top_srcdir)/po/*.po) ; $(INTLTOOL_V_MERGE)LC_ALL=C $(INTLTOOL_MERGE) $(INTLTOOL_V_MERGE_OPTIONS) -d -u -c $(top_builddir)/po/.intltool-merge-cache $(top_srcdir)/po $< $@'
INTLTOOL_DIRECTORY_RULE='%.directory: %.directory.in $(INTLTOOL_MERGE) $(wildcard $(top_srcdir)/po/*.po) ; $(INTLTOOL_V_MERGE)LC_ALL=C $(INTLTOOL_MERGE) $(INTLTOOL_V_MERGE_OPTIONS) -d -u -c $(top_builddir)/po/.intltool-merge-cache $(top_srcdir)/po $< $@'
INTLTOOL_EXTRACT='/usr/bin/intltool-extract'
INTLTOOL_KBD_RULE='%.kbd:       %.kbd.in       $(INTLTOOL_MERGE) $(wildcard $(top_srcdir)/po/*.po) ; $(INTLTOOL_V_MERGE)LC_ALL=C $(INTLTOOL_MERGE) $(INTLTOOL_V_MERGE_OPTIONS) -x -u -m -c $(top_builddir)/po/.intltool-merge-cache $(top_srcdir)/po $< $@'
INTLTOOL_KEYS_RULE='%.keys:      %.keys.in      $(INTLTOOL_MERGE) $(wildcard $(top_srcdir)/po/*.po) ; $(INTLTOOL_V_MERGE)LC_ALL=C $(INTLTOOL_MERGE) $(INTLTOOL_V_MERGE_OPTIONS) -k -u -c $(top_builddir)/po/.intltool-merge-cache $(top_srcdir)/po $< $@'
INTLTOOL_MERGE='/usr/bin/intltool-merge'
INTLTOOL_OAF_RULE='%.oaf:       %.oaf.in       $(INTLTOOL_MERGE) $(wildcard $(top_srcdir)/po/*.po) ; $(INTLTOOL_V_MERGE)LC_ALL=C $(INTLTOOL_MERGE) $(INTLTOOL_V_MERGE_OPTIONS) -o -p $(top_srcdir)/po $< $@'
INTLTOOL_PERL='/usr/bin/perl'
INTLTOOL_POLICY_RULE='%.policy:    %.policy.in    $(INTLTOOL_MERGE) $(wildcard $(top_srcdir)/po/*.po) ; $(INTLTOOL_V_MERGE)LC_ALL=C $(INTLTOOL_MERGE) $(INTLTOOL_V_MERGE_OPTIONS) -x -u -c $(top_builddir)/po/.intltool-merge-cache $(top_srcdir)/po $< $@'
INTLTOOL_PONG_RULE='%.pong:      %.pong.in      $(INTLTOOL_MERGE) $(wildcard $(top_srcdir)/po/*.po) ; $(INTLTOOL_V_MERGE)LC_ALL=C $(INTLTOOL_MERGE) $(INTLTOOL_V_MERGE_OPTIONS) -x -u -c $(top_builddir)/po/.intltool-merge-cache $(top_srcdir)/po $< $@'
INTLTOOL_PROP_RULE='%.prop:      %.prop.in      $(INTLTOOL_MERGE) $(wildcard $(top_srcdir)/po/*.po) ; $(INTLTOOL_V_MERGE)LC_ALL=C $(INTLTOOL_MERGE) $(INTLTOOL_V_MERGE_OPTIONS) -d -u -c $(top_builddir)/po/.intltool-merge-cache $(top_srcdir)/po $< $@'
INTLTOOL_SCHEMAS_RULE='%.schemas:   %.schemas.in   $(INTLTOOL_MERGE) $(wildcard $(top_srcdir)/po/*.po) ; $(INTLTOOL_V_MERGE)LC_ALL=C $(INTLTOOL_MERGE) $(INTLTOOL_V_MERGE_OPTIONS) -s -u -c $(top_builddir)/po/.intltool-merge-cache $(top_srcdir)/po $< $@'
INTLTOOL_SERVER_RULE='%.server:    %.server.in    $(INTLTOOL_MERGE) $(wildcard $(top_srcdir)/po/*.po) ; $(INTLTOOL_V_MERGE)LC_ALL=C $(INTLTOOL_MERGE) $(INTLTOOL_V_MERGE_OPTIONS) -o -u -c $(top_builddir)/po/.intltool-merge-cache $(top_srcdir)/po $< $@'
INTLTOOL_SERVICE_RULE='%.service: %.service.in   $(INTLTOOL_MERGE) $(wildcard $(top_srcdir)/po/*.po) ; $(INTLTOOL_V_MERGE)LC_ALL=C $(INTLTOOL_MERGE) $(INTLTOOL_V_MERGE_OPTIONS) -d -u -c $(top_builddir)/po/.intltool-merge-cache $(top_srcdir)/po $< $@'
INTLTOOL_SHEET_RULE='%.sheet:     %.sheet.in     $(INTLTOOL_MERGE) $(wildcard $(top_srcdir)/po/*.po) ; $(INTLTOOL_V_MERGE)LC_ALL=C $(INTLTOOL_MERGE) $(INTLTOOL_V_MERGE_OPTIONS) -x -u -c $(top_builddir)/po/.intltool-merge-cache $(top_srcdir)/po $< $@'
INTLTOOL_SOUNDLIST_RULE='%.soundlist: %.soundlist.in $(INTLTOOL_MERGE) $(wildcard $(top_srcdir)/po/*.po) ; $(INTLTOOL_V_MERGE)LC_ALL=C $(INTLTOOL_MERGE) $(INTLTOOL_V_MERGE_OPTIONS) -d -u -c $(top_builddir)/po/.intltool-merge-cache $(top_srcdir)/po $< $@'
INTLTOOL_THEME_RULE='%.theme:     %.theme.in     $(INTLTOOL_MERGE) $(wildcard $(top_srcdir)/po/*.po) ; $(INTLTOOL_V_MERGE)LC_ALL=C $(INTLTOOL_MERGE) $(INTLTOOL_V_MERGE_OPTIONS) -d -u -c $(top_builddir)/po/.intltool-merge-cache $(top_srcdir)/po $< $@'
INTLTOOL_UI_RULE='%.ui:        %.ui.in        $(INTLTOOL_MERGE) $(wildcard $(top_srcdir)/po/*.po) ; $(INTLTOOL_V_MERGE)LC_ALL=C $(INTLTOOL_MERGE) $(INTLTOOL_V_MERGE_OPTIONS) -x -u -c $(top_builddir)/po/.intltool-merge-cache $(top_srcdir)/po $< $@'
INTLTOOL_UPDATE='/usr/bin/intltool-update'
INTLTOOL_V_MERGE='$(INTLTOOL__v_MERGE_$(V))'
INTLTOOL_V_MERGE_OPTIONS='$(intltool__v_merge_options_$(V))'
INTLTOOL_XAM_RULE='%.xam:       %.xml.in       $(INTLTOOL_MERGE) $(wildcard $(top_srcdir)/po/*.po) ; $(INTLTOOL_V_MERGE)LC_ALL=C $(INTLTOOL_MERGE) $(INTLTOOL_V_MERGE_OPTIONS) -x -u -c $(top_builddir)/po/.intltool-merge-cache $(top_srcdir)/po $< $@'
INTLTOOL_XML_NOMERGE_RULE='%.xml:       %.xml.in       $(INTLTOOL_MERGE) ; $(INTLTOOL_V_MERGE)LC_ALL=C $(INTLTOOL_MERGE) $(INTLTOOL_V_MERGE_OPTIONS) -x -u --no-translations $< $@'
INTLTOOL_XML_RULE='%.xml:       %.xml.in       $(INTLTOOL_MERGE) $(wildcard $(top_srcdir)/po/*.po) ; $(INTLTOOL_V_MERGE)LC_ALL=C $(INTLTOOL_MERGE) $(INTLTOOL_V_MERGE_OPTIONS) -x -u -c $(top_builddir)/po/.intltool-merge-cache $(top_srcdir)/po $< $@'
INTLTOOL__v_MERGE_0='@echo "  ITMRG " $@;'
INTLTOOL__v_MERGE_='$(INTLTOOL__v_MERGE_$(AM_DEFAULT_VERBOSITY))'
INTL_MACOSX_LIBS=''
LD='/usr/bin/ld -m elf_x86_64'
LDFLAGS=''
LIBOBJS=''
LIBS=''
LIBTOOL='$(SHELL) $(top_builddir)/libtool'
LIPO=''
LN_S='ln -s'
LTLIBOBJS=''
LT_SYS_LIBRARY_PATH=''
MAKEINFO='${SHELL} /mnt/c/Users/ezhva/Desktop/SSM/SSM_Chikpea/SSM/missing makeinfo'
MANIFEST_TOOL=':'
MKDIR_P='/usr/bin/mkdir -p'
MKINSTALLDIRS='./mkinstalldirs'
MSGFMT='/usr/bin/msgfmt'
MSGFMT_OPTS='-c'
MSGMERGE='/usr/bin/msgmerge'
NATIVE_WIN32_FALSE=''
NATIVE_WIN32_TRUE='#'
NM='/usr/bin/nm -B'
NMEDIT=''
OBJDUMP='objdump'
OBJEXT='o'
OTOOL64=''
OTOOL=''
PACKAGE='ssm'
PACKAGE_BUGREPORT=''
PACKAGE_NAME='ssm'
PACKAGE_STRING='ssm 0.1'
PACKAGE_TARNAME='ssm'
PACKAGE_URL=''
PACKAGE_VERSION='0.1'
PATH_SEPARATOR=':'
PKG_CONFIG='/usr/bin/pkg-config'
PKG_CONFIG_LIBDIR=''
PKG_CONFIG_PATH=''
PLATFORM_WIN32_FALSE=''
PLATFORM_WIN32_TRUE='#'
POFILES=''
POSUB='po'
PO_IN_DATADIR_FALSE=''
PO_IN_DATADIR_TRUE=''
RANLIB='ranlib'
SED='/usr/bin/sed'
SET_MAKE=''
SHELL='/bin/bash'
SSM_CFLAGS='-DQT_CORE_LIB -I/usr/include/x86_64-linux-gnu/qt5/QtCore -I/usr/include/x86_64-linux-gnu/qt5'
SSM_LIBS='-lQt5Core'
STRIP='strip'
USE_NLS='yes'
VERSION='0.1'
XGETTEXT='/usr/bin/xgettext'
ac_ct_AR='ar'
ac_ct_CC='gcc'
ac_ct_CXX='g++'
ac_ct_DUMPBIN=''
am__EXEEXT_FALSE=''
am__EXEEXT_TRUE='#'
am__fastdepCC_FALSE='#'
am__fastdepCC_TRUE=''
am__fastdepCXX_FALSE='#'
am__fastdepCXX_TRUE=''
am__include='include'
am__isrc=''
am__leading_dot='.'
am__nodep='_no'
am__quote=''
am__tar='$${TAR-tar} chof - "$$tardir"'
am__untar='$${TAR-tar} xf -'
bindir='${exec_prefix}/bin'
build='x86_64-pc-linux-gnu'
build_alias=''
build_cpu='x86_64'
build_os='linux-gnu'
build_vendor='pc'
datadir='${datarootdir}'
datarootdir='${prefix}/share'
docdir='${datarootdir}/doc/${PACKAGE_TARNAME}'
dvidir='${docdir}'
exec_prefix='${prefix}'
host='x86_64-pc-linux-gnu'
host_alias=''
host_cpu='x86_64'
host_os='linux-gnu'
host_vendor='pc'
htmldir='${docdir}'
includedir='${prefix}/include'
infodir='${datarootdir}/info'
install_sh='${SHELL} /mnt/c/Users/ezhva/Desktop/SSM/SSM_Chikpea/SSM/install-sh'
intltool__v_merge_options_0='-q'
intltool__v_merge_options_='$(intltool__v_merge_options_$(AM_DEFAULT_VERBOSITY))'
libdir='${exec_prefix}/lib'
libexecdir='${exec_prefix}/libexec'
localedir='${datarootdir}/locale'
localstatedir='${prefix}/var'
mandir='${datarootdir}/man'
mkdir_p='$(MKDIR_P)'
oldincludedir='/usr/include'
pdfdir='${docdir}'
prefix='/home/dojyandr'
program_transform_name='s,x,x,'
psdir='${docdir}'
runstatedir='${localstatedir}/run'
sbindir='${exec_prefix}/sbin'
sharedstatedir='${prefix}/com'
sysconfdir='${prefix}/etc'
target_alias=''

## ----------- ##
## confdefs.h. ##
## ----------- ##

/* confdefs.h */
#define PACKAGE_NAME "ssm"
#define PACKAGE_TARNAME "ssm"
#define PACKAGE_VERSION "0.1"
#define PACKAGE_STRING "ssm 0.1"
#define PACKAGE_BUGREPORT ""
#define PACKAGE_URL ""
#define PACKAGE "ssm"
#define VERSION "0.1"
#define GETTEXT_PACKAGE "ssm"
#define STDC_HEADERS 1
#define HAVE_SYS_TYPES_H 1
#define HAVE_SYS_STAT_H 1
#define HAVE_STDLIB_H 1
#define HAVE_STRING_H 1
#define HAVE_MEMORY_H 1
#define HAVE_STRINGS_H 1
#define HAVE_INTTYPES_H 1
#define HAVE_STDINT_H 1
#define HAVE_UNISTD_H 1
#define HAVE_LOCALE_H 1
#define HAVE_LC_MESSAGES 1
#define HAVE_BIND_TEXTDOMAIN_CODESET 1
#define HAVE_GETTEXT 1
#define HAVE_DCGETTEXT 1
#define ENABLE_NLS 1
#define HAVE_DLFCN_H 1
#define LT_OBJDIR ".libs/"

configure: exit 0
